<?xml version="1.0" encoding="UTF-8"?>
<testsuite xmlns:xsi="http://www.w3.org/2001/XMLSchema-instance" xsi:noNamespaceSchemaLocation="https://maven.apache.org/surefire/maven-surefire-plugin/xsd/surefire-test-report.xsd" name="TestSuite" time="11.313" tests="7" errors="0" skipped="4" failures="2">
  <properties>
    <property name="sun.desktop" value="windows"/>
    <property name="awt.toolkit" value="sun.awt.windows.WToolkit"/>
    <property name="file.encoding.pkg" value="sun.io"/>
    <property name="java.specification.version" value="1.8"/>
    <property name="sun.cpu.isalist" value="amd64"/>
    <property name="sun.jnu.encoding" value="Cp1252"/>
    <property name="java.class.path" value="C:\Users\Nirbhay\eclipse-workspace\cimbApiAutomation\target\test-classes;C:\Users\Nirbhay\eclipse-workspace\cimbApiAutomation\target\classes;C:\Users\Nirbhay\.m2\repository\org\testng\testng\6.14.3\testng-6.14.3.jar;C:\Users\Nirbhay\.m2\repository\com\beust\jcommander\1.72\jcommander-1.72.jar;C:\Users\Nirbhay\.m2\repository\org\apache-extras\beanshell\bsh\2.0b6\bsh-2.0b6.jar;C:\Users\Nirbhay\.m2\repository\com\jayway\restassured\rest-assured\2.9.0\rest-assured-2.9.0.jar;C:\Users\Nirbhay\.m2\repository\org\codehaus\groovy\groovy\2.4.4\groovy-2.4.4.jar;C:\Users\Nirbhay\.m2\repository\org\codehaus\groovy\groovy-xml\2.4.4\groovy-xml-2.4.4.jar;C:\Users\Nirbhay\.m2\repository\org\apache\httpcomponents\httpclient\4.5.1\httpclient-4.5.1.jar;C:\Users\Nirbhay\.m2\repository\org\apache\httpcomponents\httpcore\4.4.3\httpcore-4.4.3.jar;C:\Users\Nirbhay\.m2\repository\commons-logging\commons-logging\1.2\commons-logging-1.2.jar;C:\Users\Nirbhay\.m2\repository\commons-codec\commons-codec\1.9\commons-codec-1.9.jar;C:\Users\Nirbhay\.m2\repository\org\apache\httpcomponents\httpmime\4.5.1\httpmime-4.5.1.jar;C:\Users\Nirbhay\.m2\repository\org\hamcrest\hamcrest-core\1.3\hamcrest-core-1.3.jar;C:\Users\Nirbhay\.m2\repository\org\hamcrest\hamcrest-library\1.3\hamcrest-library-1.3.jar;C:\Users\Nirbhay\.m2\repository\org\ccil\cowan\tagsoup\tagsoup\1.2.1\tagsoup-1.2.1.jar;C:\Users\Nirbhay\.m2\repository\com\jayway\restassured\xml-path\2.9.0\xml-path-2.9.0.jar;C:\Users\Nirbhay\.m2\repository\com\jayway\restassured\rest-assured-common\2.9.0\rest-assured-common-2.9.0.jar;C:\Users\Nirbhay\.m2\repository\org\apache\commons\commons-lang3\3.3.2\commons-lang3-3.3.2.jar;C:\Users\Nirbhay\.m2\repository\com\jayway\jsonpath\json-path\2.4.0\json-path-2.4.0.jar;C:\Users\Nirbhay\.m2\repository\net\minidev\json-smart\2.3\json-smart-2.3.jar;C:\Users\Nirbhay\.m2\repository\net\minidev\accessors-smart\1.2\accessors-smart-1.2.jar;C:\Users\Nirbhay\.m2\repository\org\ow2\asm\asm\5.0.4\asm-5.0.4.jar;C:\Users\Nirbhay\.m2\repository\org\slf4j\slf4j-api\1.7.25\slf4j-api-1.7.25.jar;C:\Users\Nirbhay\.m2\repository\com\jayway\jsonpath\json-path-assert\2.4.0\json-path-assert-2.4.0.jar;C:\Users\Nirbhay\.m2\repository\com\jayway\restassured\json-schema-validator\2.9.0\json-schema-validator-2.9.0.jar;C:\Users\Nirbhay\.m2\repository\com\github\fge\json-schema-validator\2.2.6\json-schema-validator-2.2.6.jar;C:\Users\Nirbhay\.m2\repository\com\google\code\findbugs\jsr305\3.0.0\jsr305-3.0.0.jar;C:\Users\Nirbhay\.m2\repository\joda-time\joda-time\2.3\joda-time-2.3.jar;C:\Users\Nirbhay\.m2\repository\com\googlecode\libphonenumber\libphonenumber\6.2\libphonenumber-6.2.jar;C:\Users\Nirbhay\.m2\repository\com\github\fge\json-schema-core\1.2.5\json-schema-core-1.2.5.jar;C:\Users\Nirbhay\.m2\repository\com\github\fge\uri-template\0.9\uri-template-0.9.jar;C:\Users\Nirbhay\.m2\repository\com\github\fge\msg-simple\1.1\msg-simple-1.1.jar;C:\Users\Nirbhay\.m2\repository\com\github\fge\btf\1.2\btf-1.2.jar;C:\Users\Nirbhay\.m2\repository\com\google\guava\guava\16.0.1\guava-16.0.1.jar;C:\Users\Nirbhay\.m2\repository\com\github\fge\jackson-coreutils\1.8\jackson-coreutils-1.8.jar;C:\Users\Nirbhay\.m2\repository\org\mozilla\rhino\1.7R4\rhino-1.7R4.jar;C:\Users\Nirbhay\.m2\repository\javax\mail\mailapi\1.4.3\mailapi-1.4.3.jar;C:\Users\Nirbhay\.m2\repository\javax\activation\activation\1.1\activation-1.1.jar;C:\Users\Nirbhay\.m2\repository\net\sf\jopt-simple\jopt-simple\4.6\jopt-simple-4.6.jar;C:\Users\Nirbhay\.m2\repository\com\jayway\restassured\json-path\2.2.0\json-path-2.2.0.jar;C:\Users\Nirbhay\.m2\repository\org\codehaus\groovy\groovy-json\2.2.0\groovy-json-2.2.0.jar;C:\Users\Nirbhay\.m2\repository\com\fasterxml\jackson\core\jackson-databind\2.3.0\jackson-databind-2.3.0.jar;C:\Users\Nirbhay\.m2\repository\com\fasterxml\jackson\core\jackson-annotations\2.3.0\jackson-annotations-2.3.0.jar;C:\Users\Nirbhay\.m2\repository\com\fasterxml\jackson\core\jackson-core\2.3.0\jackson-core-2.3.0.jar;C:\Users\Nirbhay\.m2\repository\org\codehaus\jackson\jackson-core-asl\1.8.5\jackson-core-asl-1.8.5.jar;C:\Users\Nirbhay\.m2\repository\org\codehaus\jackson\jackson-mapper-asl\1.8.5\jackson-mapper-asl-1.8.5.jar;C:\Users\Nirbhay\.m2\repository\com\google\code\gson\gson\1.7.2\gson-1.7.2.jar;C:\Users\Nirbhay\.m2\repository\com\googlecode\json-simple\json-simple\1.1\json-simple-1.1.jar;C:\Users\Nirbhay\.m2\repository\org\json\json\20090211\json-20090211.jar;C:\Users\Nirbhay\.m2\repository\com\relevantcodes\extentreports\2.41.2\extentreports-2.41.2.jar;C:\Users\Nirbhay\.m2\repository\org\jsoup\jsoup\1.8.3\jsoup-1.8.3.jar;C:\Users\Nirbhay\.m2\repository\org\xerial\sqlite-jdbc\3.8.11.1\sqlite-jdbc-3.8.11.1.jar;C:\Users\Nirbhay\.m2\repository\org\freemarker\freemarker\2.3.23\freemarker-2.3.23.jar;C:\Users\Nirbhay\.m2\repository\org\mongodb\mongodb-driver\3.0.4\mongodb-driver-3.0.4.jar;C:\Users\Nirbhay\.m2\repository\org\mongodb\bson\3.0.4\bson-3.0.4.jar;C:\Users\Nirbhay\.m2\repository\org\mongodb\mongodb-driver-core\3.0.4\mongodb-driver-core-3.0.4.jar;C:\Users\Nirbhay\.m2\repository\org\apache\maven\surefire\surefire-testng-utils\2.20.1\surefire-testng-utils-2.20.1.jar;C:\Users\Nirbhay\.m2\repository\org\apache\maven\surefire\surefire-grouper\2.20.1\surefire-grouper-2.20.1.jar;"/>
    <property name="java.vm.vendor" value="Oracle Corporation"/>
    <property name="sun.arch.data.model" value="64"/>
    <property name="user.variant" value=""/>
    <property name="java.vendor.url" value="http://java.oracle.com/"/>
    <property name="user.timezone" value=""/>
    <property name="java.vm.specification.version" value="1.8"/>
    <property name="os.name" value="Windows 10"/>
    <property name="user.country" value="US"/>
    <property name="sun.java.launcher" value="SUN_STANDARD"/>
    <property name="sun.boot.library.path" value="C:\Program Files\Java\jdk1.8.0_231\jre\bin"/>
    <property name="sun.java.command" value="C:\Users\Nirbhay\AppData\Local\Temp\surefire9012541887095022480\surefirebooter4793154778549388990.jar C:\Users\Nirbhay\AppData\Local\Temp\surefire9012541887095022480 2020-03-23T19-37-01_291-jvmRun1 surefire3743698343923117653tmp surefire_02063791359629955969tmp"/>
    <property name="surefire.test.class.path" value="C:\Users\Nirbhay\eclipse-workspace\cimbApiAutomation\target\test-classes;C:\Users\Nirbhay\eclipse-workspace\cimbApiAutomation\target\classes;C:\Users\Nirbhay\.m2\repository\org\testng\testng\6.14.3\testng-6.14.3.jar;C:\Users\Nirbhay\.m2\repository\com\beust\jcommander\1.72\jcommander-1.72.jar;C:\Users\Nirbhay\.m2\repository\org\apache-extras\beanshell\bsh\2.0b6\bsh-2.0b6.jar;C:\Users\Nirbhay\.m2\repository\com\jayway\restassured\rest-assured\2.9.0\rest-assured-2.9.0.jar;C:\Users\Nirbhay\.m2\repository\org\codehaus\groovy\groovy\2.4.4\groovy-2.4.4.jar;C:\Users\Nirbhay\.m2\repository\org\codehaus\groovy\groovy-xml\2.4.4\groovy-xml-2.4.4.jar;C:\Users\Nirbhay\.m2\repository\org\apache\httpcomponents\httpclient\4.5.1\httpclient-4.5.1.jar;C:\Users\Nirbhay\.m2\repository\org\apache\httpcomponents\httpcore\4.4.3\httpcore-4.4.3.jar;C:\Users\Nirbhay\.m2\repository\commons-logging\commons-logging\1.2\commons-logging-1.2.jar;C:\Users\Nirbhay\.m2\repository\commons-codec\commons-codec\1.9\commons-codec-1.9.jar;C:\Users\Nirbhay\.m2\repository\org\apache\httpcomponents\httpmime\4.5.1\httpmime-4.5.1.jar;C:\Users\Nirbhay\.m2\repository\org\hamcrest\hamcrest-core\1.3\hamcrest-core-1.3.jar;C:\Users\Nirbhay\.m2\repository\org\hamcrest\hamcrest-library\1.3\hamcrest-library-1.3.jar;C:\Users\Nirbhay\.m2\repository\org\ccil\cowan\tagsoup\tagsoup\1.2.1\tagsoup-1.2.1.jar;C:\Users\Nirbhay\.m2\repository\com\jayway\restassured\xml-path\2.9.0\xml-path-2.9.0.jar;C:\Users\Nirbhay\.m2\repository\com\jayway\restassured\rest-assured-common\2.9.0\rest-assured-common-2.9.0.jar;C:\Users\Nirbhay\.m2\repository\org\apache\commons\commons-lang3\3.3.2\commons-lang3-3.3.2.jar;C:\Users\Nirbhay\.m2\repository\com\jayway\jsonpath\json-path\2.4.0\json-path-2.4.0.jar;C:\Users\Nirbhay\.m2\repository\net\minidev\json-smart\2.3\json-smart-2.3.jar;C:\Users\Nirbhay\.m2\repository\net\minidev\accessors-smart\1.2\accessors-smart-1.2.jar;C:\Users\Nirbhay\.m2\repository\org\ow2\asm\asm\5.0.4\asm-5.0.4.jar;C:\Users\Nirbhay\.m2\repository\org\slf4j\slf4j-api\1.7.25\slf4j-api-1.7.25.jar;C:\Users\Nirbhay\.m2\repository\com\jayway\jsonpath\json-path-assert\2.4.0\json-path-assert-2.4.0.jar;C:\Users\Nirbhay\.m2\repository\com\jayway\restassured\json-schema-validator\2.9.0\json-schema-validator-2.9.0.jar;C:\Users\Nirbhay\.m2\repository\com\github\fge\json-schema-validator\2.2.6\json-schema-validator-2.2.6.jar;C:\Users\Nirbhay\.m2\repository\com\google\code\findbugs\jsr305\3.0.0\jsr305-3.0.0.jar;C:\Users\Nirbhay\.m2\repository\joda-time\joda-time\2.3\joda-time-2.3.jar;C:\Users\Nirbhay\.m2\repository\com\googlecode\libphonenumber\libphonenumber\6.2\libphonenumber-6.2.jar;C:\Users\Nirbhay\.m2\repository\com\github\fge\json-schema-core\1.2.5\json-schema-core-1.2.5.jar;C:\Users\Nirbhay\.m2\repository\com\github\fge\uri-template\0.9\uri-template-0.9.jar;C:\Users\Nirbhay\.m2\repository\com\github\fge\msg-simple\1.1\msg-simple-1.1.jar;C:\Users\Nirbhay\.m2\repository\com\github\fge\btf\1.2\btf-1.2.jar;C:\Users\Nirbhay\.m2\repository\com\google\guava\guava\16.0.1\guava-16.0.1.jar;C:\Users\Nirbhay\.m2\repository\com\github\fge\jackson-coreutils\1.8\jackson-coreutils-1.8.jar;C:\Users\Nirbhay\.m2\repository\org\mozilla\rhino\1.7R4\rhino-1.7R4.jar;C:\Users\Nirbhay\.m2\repository\javax\mail\mailapi\1.4.3\mailapi-1.4.3.jar;C:\Users\Nirbhay\.m2\repository\javax\activation\activation\1.1\activation-1.1.jar;C:\Users\Nirbhay\.m2\repository\net\sf\jopt-simple\jopt-simple\4.6\jopt-simple-4.6.jar;C:\Users\Nirbhay\.m2\repository\com\jayway\restassured\json-path\2.2.0\json-path-2.2.0.jar;C:\Users\Nirbhay\.m2\repository\org\codehaus\groovy\groovy-json\2.2.0\groovy-json-2.2.0.jar;C:\Users\Nirbhay\.m2\repository\com\fasterxml\jackson\core\jackson-databind\2.3.0\jackson-databind-2.3.0.jar;C:\Users\Nirbhay\.m2\repository\com\fasterxml\jackson\core\jackson-annotations\2.3.0\jackson-annotations-2.3.0.jar;C:\Users\Nirbhay\.m2\repository\com\fasterxml\jackson\core\jackson-core\2.3.0\jackson-core-2.3.0.jar;C:\Users\Nirbhay\.m2\repository\org\codehaus\jackson\jackson-core-asl\1.8.5\jackson-core-asl-1.8.5.jar;C:\Users\Nirbhay\.m2\repository\org\codehaus\jackson\jackson-mapper-asl\1.8.5\jackson-mapper-asl-1.8.5.jar;C:\Users\Nirbhay\.m2\repository\com\google\code\gson\gson\1.7.2\gson-1.7.2.jar;C:\Users\Nirbhay\.m2\repository\com\googlecode\json-simple\json-simple\1.1\json-simple-1.1.jar;C:\Users\Nirbhay\.m2\repository\org\json\json\20090211\json-20090211.jar;C:\Users\Nirbhay\.m2\repository\com\relevantcodes\extentreports\2.41.2\extentreports-2.41.2.jar;C:\Users\Nirbhay\.m2\repository\org\jsoup\jsoup\1.8.3\jsoup-1.8.3.jar;C:\Users\Nirbhay\.m2\repository\org\xerial\sqlite-jdbc\3.8.11.1\sqlite-jdbc-3.8.11.1.jar;C:\Users\Nirbhay\.m2\repository\org\freemarker\freemarker\2.3.23\freemarker-2.3.23.jar;C:\Users\Nirbhay\.m2\repository\org\mongodb\mongodb-driver\3.0.4\mongodb-driver-3.0.4.jar;C:\Users\Nirbhay\.m2\repository\org\mongodb\bson\3.0.4\bson-3.0.4.jar;C:\Users\Nirbhay\.m2\repository\org\mongodb\mongodb-driver-core\3.0.4\mongodb-driver-core-3.0.4.jar;C:\Users\Nirbhay\.m2\repository\org\apache\maven\surefire\surefire-testng-utils\2.20.1\surefire-testng-utils-2.20.1.jar;C:\Users\Nirbhay\.m2\repository\org\apache\maven\surefire\surefire-grouper\2.20.1\surefire-grouper-2.20.1.jar;"/>
    <property name="sun.cpu.endian" value="little"/>
    <property name="user.home" value="C:\Users\Nirbhay"/>
    <property name="user.language" value="en"/>
    <property name="java.specification.vendor" value="Oracle Corporation"/>
    <property name="java.home" value="C:\Program Files\Java\jdk1.8.0_231\jre"/>
    <property name="basedir" value="C:\Users\Nirbhay\eclipse-workspace\cimbApiAutomation"/>
    <property name="file.separator" value="\"/>
    <property name="line.separator" value="&#10;"/>
    <property name="java.vm.specification.vendor" value="Oracle Corporation"/>
    <property name="java.specification.name" value="Java Platform API Specification"/>
    <property name="java.awt.graphicsenv" value="sun.awt.Win32GraphicsEnvironment"/>
    <property name="surefire.real.class.path" value="C:\Users\Nirbhay\AppData\Local\Temp\surefire9012541887095022480\surefirebooter4793154778549388990.jar"/>
    <property name="sun.boot.class.path" value="C:\Program Files\Java\jdk1.8.0_231\jre\lib\resources.jar;C:\Program Files\Java\jdk1.8.0_231\jre\lib\rt.jar;C:\Program Files\Java\jdk1.8.0_231\jre\lib\sunrsasign.jar;C:\Program Files\Java\jdk1.8.0_231\jre\lib\jsse.jar;C:\Program Files\Java\jdk1.8.0_231\jre\lib\jce.jar;C:\Program Files\Java\jdk1.8.0_231\jre\lib\charsets.jar;C:\Program Files\Java\jdk1.8.0_231\jre\lib\jfr.jar;C:\Program Files\Java\jdk1.8.0_231\jre\classes"/>
    <property name="user.script" value=""/>
    <property name="sun.management.compiler" value="HotSpot 64-Bit Tiered Compilers"/>
    <property name="java.runtime.version" value="1.8.0_231-b11"/>
    <property name="user.name" value="Nirbhay"/>
    <property name="path.separator" value=";"/>
    <property name="os.version" value="10.0"/>
    <property name="java.endorsed.dirs" value="C:\Program Files\Java\jdk1.8.0_231\jre\lib\endorsed"/>
    <property name="java.runtime.name" value="Java(TM) SE Runtime Environment"/>
    <property name="file.encoding" value="Cp1252"/>
    <property name="java.vm.name" value="Java HotSpot(TM) 64-Bit Server VM"/>
    <property name="localRepository" value="C:\Users\Nirbhay\.m2\repository"/>
    <property name="java.vendor.url.bug" value="http://bugreport.sun.com/bugreport/"/>
    <property name="java.io.tmpdir" value="C:\Users\Nirbhay\AppData\Local\Temp\"/>
    <property name="java.version" value="1.8.0_231"/>
    <property name="user.dir" value="C:\Users\Nirbhay\eclipse-workspace\cimbApiAutomation"/>
    <property name="os.arch" value="amd64"/>
    <property name="java.vm.specification.name" value="Java Virtual Machine Specification"/>
    <property name="java.awt.printerjob" value="sun.awt.windows.WPrinterJob"/>
    <property name="sun.os.patch.level" value=""/>
    <property name="java.library.path" value="C:\Program Files\Java\jdk1.8.0_231\jre\bin;C:\WINDOWS\Sun\Java\bin;C:\WINDOWS\system32;C:\WINDOWS;C:/Program Files/Java/jre1.8.0_231/bin/server;C:/Program Files/Java/jre1.8.0_231/bin;C:/Program Files/Java/jre1.8.0_231/lib/amd64;C:\Program Files (x86)\Common Files\Oracle\Java\javapath;C:\WINDOWS\system32;C:\WINDOWS;C:\WINDOWS\System32\Wbem;C:\WINDOWS\System32\WindowsPowerShell\v1.0\;C:\WINDOWS\System32\OpenSSH\;C:\Program Files (x86)\NVIDIA Corporation\PhysX\Common;C:\Program Files\nodejs\;C:\Program Files\Git\cmd;C:\Program Files\NVIDIA Corporation\NVIDIA NvDLISR;C:\WINDOWS\system32;C:\WINDOWS;C:\WINDOWS\System32\Wbem;C:\WINDOWS\System32\WindowsPowerShell\v1.0\;C:\WINDOWS\System32\OpenSSH\;C:\Program Files\apache-maven-3.6.2-bin\apache-maven-3.6.2\bin;C:\Program Files\Java\jdk1.8.0_231\bin;C:\Users\Nirbhay\Desktop\android-sdk\platform-tools;C:\Users\Nirbhay\Desktop\android-sdk\tools\bin;;C:\Users\Nirbhay\AppData\Local\Microsoft\WindowsApps;C:\Users\Nirbhay\AppData\Roaming\npm;C:\Users\Nirbhay\AppData\Local\Programs\Microsoft VS Code\bin;C:\Users\Nirbhay\AppData\Local\GitHubDesktop\bin;C:\Program Files\Docker Toolbox;C:\Users\Nirbhay\Desktop;;."/>
    <property name="java.vm.info" value="mixed mode"/>
    <property name="java.vendor" value="Oracle Corporation"/>
    <property name="java.vm.version" value="25.231-b11"/>
    <property name="java.ext.dirs" value="C:\Program Files\Java\jdk1.8.0_231\jre\lib\ext;C:\WINDOWS\Sun\Java\lib\ext"/>
    <property name="sun.io.unicode.encoding" value="UnicodeLittle"/>
    <property name="java.class.version" value="52.0"/>
  </properties>
  <testcase name="checkUpdateApiTestCase" classname="qa.cimb.testCases.UpdateTaskTestCases" time="0">
    <skipped message="The following asserts failed:&#10;	null"/>
    <system-out><![CDATA[[TestNGContentHandler] [WARN] It is strongly recommended to add "<!DOCTYPE suite SYSTEM "http://testng.org/testng-1.0.dtd" >" at the top of your file, otherwise TestNG may fail or not work as expected.
TEST START NOW 
 [TestResult name=checkUpdateApiTestCase status=STARTED method=UpdateTaskTestCases.checkUpdateApiTestCase()[pri:0, instance:qa.cimb.testCases.UpdateTaskTestCases@6591f517] output={null}]
 YOUR TEST SKIPPED PLEASE TRY AGAIN 
 [TestResult name=checkUpdateApiTestCase status=SKIP method=UpdateTaskTestCases.checkUpdateApiTestCase()[pri:0, instance:qa.cimb.testCases.UpdateTaskTestCases@6591f517] output={null}]
]]></system-out>
  </testcase>
  <testcase name="checkUpdateApiTestCase" classname="qa.cimb.testCases.UpdateTaskTestCases" time="0">
    <skipped message="The following asserts failed:&#10;	null"/>
    <system-out><![CDATA[TEST START NOW 
 [TestResult name=checkUpdateApiTestCase status=STARTED method=UpdateTaskTestCases.checkUpdateApiTestCase()[pri:0, instance:qa.cimb.testCases.UpdateTaskTestCases@6591f517] output={null}]
 YOUR TEST SKIPPED PLEASE TRY AGAIN 
 [TestResult name=checkUpdateApiTestCase status=SKIP method=UpdateTaskTestCases.checkUpdateApiTestCase()[pri:0, instance:qa.cimb.testCases.UpdateTaskTestCases@6591f517] output={null}]
]]></system-out>
  </testcase>
  <testcase name="checkUpdateApiTestCase" classname="qa.cimb.testCases.UpdateTaskTestCases" time="2.301">
    <failure message="The following asserts failed:&#10;	null" type="java.lang.AssertionError">java.lang.AssertionError: 
The following asserts failed:
	null
	at qa.cimb.testCases.UpdateTaskTestCases.checkUpdateApiTestCase(UpdateTaskTestCases.java:96)
</failure>
    <system-out><![CDATA[TEST START NOW 
 [TestResult name=checkUpdateApiTestCase status=STARTED method=UpdateTaskTestCases.checkUpdateApiTestCase()[pri:0, instance:qa.cimb.testCases.UpdateTaskTestCases@6591f517] output={null}]
 TEST FAIL 
 [TestResult name=checkUpdateApiTestCase status=FAILURE method=UpdateTaskTestCases.checkUpdateApiTestCase()[pri:0, instance:qa.cimb.testCases.UpdateTaskTestCases@6591f517] output={null}]
]]></system-out>
  </testcase>
  <testcase name="createNewProject" classname="qa.cimb.testCases.AddProjectTestCase" time="0">
    <skipped message="A JSONObject text must begin with &apos;{&apos; at character 1"/>
    <system-out><![CDATA[TEST START NOW 
 [TestResult name=createNewProject status=STARTED method=AddProjectTestCase.createNewProject()[pri:0, instance:qa.cimb.testCases.AddProjectTestCase@345965f2] output={null}]
Maximum number of projects per user limit reached

 YOUR TEST SKIPPED PLEASE TRY AGAIN 
 [TestResult name=createNewProject status=SKIP method=AddProjectTestCase.createNewProject()[pri:0, instance:qa.cimb.testCases.AddProjectTestCase@345965f2] output={null}]
]]></system-out>
  </testcase>
  <testcase name="createNewProject" classname="qa.cimb.testCases.AddProjectTestCase" time="0">
    <skipped message="A JSONObject text must begin with &apos;{&apos; at character 1"/>
    <system-out><![CDATA[TEST START NOW 
 [TestResult name=createNewProject status=STARTED method=AddProjectTestCase.createNewProject()[pri:0, instance:qa.cimb.testCases.AddProjectTestCase@345965f2] output={null}]
Maximum number of projects per user limit reached

 YOUR TEST SKIPPED PLEASE TRY AGAIN 
 [TestResult name=createNewProject status=SKIP method=AddProjectTestCase.createNewProject()[pri:0, instance:qa.cimb.testCases.AddProjectTestCase@345965f2] output={null}]
]]></system-out>
  </testcase>
  <testcase name="createNewProject" classname="qa.cimb.testCases.AddProjectTestCase" time="0.795">
    <failure message="A JSONObject text must begin with &apos;{&apos; at character 1" type="org.json.JSONException">org.json.JSONException: A JSONObject text must begin with '{' at character 1
	at qa.cimb.testCases.AddProjectTestCase.createNewProject(AddProjectTestCase.java:84)
</failure>
    <system-out><![CDATA[TEST START NOW 
 [TestResult name=createNewProject status=STARTED method=AddProjectTestCase.createNewProject()[pri:0, instance:qa.cimb.testCases.AddProjectTestCase@345965f2] output={null}]
Maximum number of projects per user limit reached

 TEST FAIL 
 [TestResult name=createNewProject status=FAILURE method=AddProjectTestCase.createNewProject()[pri:0, instance:qa.cimb.testCases.AddProjectTestCase@345965f2] output={null}]
]]></system-out>
  </testcase>
  <testcase name="addTaskApiTest" classname="qa.cimb.testCases.AddTaskTestCase" time="0.852"/>
</testsuite>