<?xml version="1.0" encoding="UTF-8"?>
<!-- Generated by org.testng.reporters.JUnitReportReporter -->
<testsuite skipped="0" hostname="Lenovo-PC" name="qa.cimb.testCases.AddProjectApi" tests="1" failures="0" timestamp="2020-03-22T22:59:14 SGT" time="1.480" errors="0">
  <testcase name="createNewProject" time="1.480" classname="qa.cimb.testCases.AddProjectApi"/>
</testsuite> <!-- qa.cimb.testCases.AddProjectApi -->
