<?xml version="1.0" encoding="UTF-8"?>
<!-- Generated by org.testng.reporters.JUnitReportReporter -->
<testsuite skipped="0" hostname="Lenovo-PC" name="qa.cimb.testCases.AddProjectTestCase" tests="1" failures="0" timestamp="2020-03-23T20:14:58 SGT" time="0.879" errors="0">
  <testcase name="createNewProject" time="0.879" classname="qa.cimb.testCases.AddProjectTestCase"/>
</testsuite> <!-- qa.cimb.testCases.AddProjectTestCase -->
