<?xml version="1.0" encoding="UTF-8"?>
<!-- Generated by org.testng.reporters.JUnitReportReporter -->
<testsuite skipped="0" hostname="Lenovo-PC" name="qa.cimb.testCases.CreateProject" tests="1" failures="0" timestamp="2020-03-23T01:16:38 SGT" time="1.519" errors="0">
  <testcase name="test" time="1.519" classname="qa.cimb.testCases.CreateProject"/>
</testsuite> <!-- qa.cimb.testCases.CreateProject -->
