<?xml version="1.0" encoding="UTF-8"?>
<!-- Generated by org.testng.reporters.JUnitReportReporter -->
<testsuite skipped="0" hostname="Lenovo-PC" name="qa.cimb.testCases.AddTaskTestCase" tests="1" failures="0" timestamp="2020-03-23T20:14:58 SGT" time="0.362" errors="0">
  <testcase name="addTaskApiTest" time="0.362" classname="qa.cimb.testCases.AddTaskTestCase"/>
</testsuite> <!-- qa.cimb.testCases.AddTaskTestCase -->
