<?xml version="1.0" encoding="UTF-8"?>
<!-- Generated by org.testng.reporters.JUnitReportReporter -->
<testsuite skipped="0" hostname="Lenovo-PC" name="com.qa.base.cimbBase" tests="1" failures="0" timestamp="2020-03-22T11:55:50 SGT" time="0.009" errors="0">
  <testcase name="cimbBase1" time="0.009" classname="com.qa.base.cimbBase"/>
</testsuite> <!-- com.qa.base.cimbBase -->
