<?xml version="1.0" encoding="UTF-8"?>
<!-- Generated by org.testng.reporters.JUnitReportReporter -->
<testsuite skipped="0" hostname="Lenovo-PC" name="qa.cimb.testCases.AddTaskTestCase" tests="1" failures="0" timestamp="23 Mar 2020 11:37:12 GMT" time="0.854" errors="0">
  <testcase name="addTaskApiTest" time="0.854" classname="qa.cimb.testCases.AddTaskTestCase"/>
</testsuite> <!-- qa.cimb.testCases.AddTaskTestCase -->
